<?xml version="1.0" encoding="UTF-8"?>
<!-- Generated by org.testng.reporters.JUnitXMLReporter -->
<testsuite ignored="1" hostname="LAPTOP-ITFBKBJ4" failures="0" tests="1" name="Default test" time="36.068" errors="0" timestamp="2021-08-15T10:39:52 EDT">
  <testcase classname="walmart_testlayer.CreateAccount_test" name="invalidformentries" time="23.148"/>
  <testcase classname="walmart_testlayer.CreateAccount_test" name="validTest" time="0.0">
    <ignored/>
  </testcase> <!-- validTest -->
</testsuite> <!-- Default test -->
