<?xml version="1.0" encoding="UTF-8"?>
<testng-results ignored="1" total="2" passed="1" failed="0" skipped="0">
  <reporter-output>
  </reporter-output>
  <suite started-at="2021-08-15T10:39:16 EDT" name="Default suite" finished-at="2021-08-15T10:39:52 EDT" duration-ms="36068">
    <groups>
    </groups>
    <test started-at="2021-08-15T10:39:16 EDT" name="Default test" finished-at="2021-08-15T10:39:52 EDT" duration-ms="36068">
      <class name="walmart_testlayer.CreateAccount_test">
        <test-method is-config="true" signature="initsetup()[pri:0, instance:walmart_testlayer.CreateAccount_test@1afd44cb]" started-at="2021-08-15T10:39:16 EDT" name="initsetup" finished-at="2021-08-15T10:39:29 EDT" duration-ms="12840" status="PASS">
          <reporter-output>
          </reporter-output>
        </test-method> <!-- initsetup -->
        <test-method signature="invalidformentries()[pri:2, instance:walmart_testlayer.CreateAccount_test@1afd44cb]" started-at="2021-08-15T10:39:29 EDT" name="invalidformentries" finished-at="2021-08-15T10:39:52 EDT" duration-ms="23148" status="PASS">
          <reporter-output>
          </reporter-output>
        </test-method> <!-- invalidformentries -->
        <test-method is-config="true" signature="closebrowser()[pri:0, instance:walmart_testlayer.CreateAccount_test@1afd44cb]" started-at="2021-08-15T10:39:52 EDT" name="closebrowser" finished-at="2021-08-15T10:39:52 EDT" duration-ms="0" status="PASS">
          <reporter-output>
          </reporter-output>
        </test-method> <!-- closebrowser -->
      </class> <!-- walmart_testlayer.CreateAccount_test -->
    </test> <!-- Default test -->
  </suite> <!-- Default suite -->
</testng-results>
